  RoomManager.cpp
  코드를 생성하고 있습니다...
  컴파일하고 있습니다...
  WriteHandler.cpp
  Room.cpp
  ReadyNetWork.cpp
  ReadHandler.cpp
  MainProc.cpp
  Lobby.cpp
  Listener.cpp
  Link.cpp
  GuestLink.cpp
  Goods.cpp
  ErrorHandler.cpp
  ConstEnumInfo.cpp
  CommandController.cpp
  ChannelManager.cpp
  Channel.cpp
  BasicExcel.cpp
i:\homework\mealserver\roomchatserver\basicexcel.cpp(313): warning C4267: '인수': 'size_t'에서 'int'(으)로 변환하면서 데이터가 손실될 수 있습니다.
i:\homework\mealserver\roomchatserver\basicexcel.cpp(340): warning C4267: '인수': 'size_t'에서 'int'(으)로 변환하면서 데이터가 손실될 수 있습니다.
i:\homework\mealserver\roomchatserver\basicexcel.cpp(858): warning C4267: '=': 'size_t'에서 'int'(으)로 변환하면서 데이터가 손실될 수 있습니다.
i:\homework\mealserver\roomchatserver\basicexcel.cpp(861): warning C4267: '=': 'size_t'에서 'int'(으)로 변환하면서 데이터가 손실될 수 있습니다.
i:\homework\mealserver\roomchatserver\basicexcel.cpp(862): warning C4267: '=': 'size_t'에서 'int'(으)로 변환하면서 데이터가 손실될 수 있습니다.
i:\homework\mealserver\roomchatserver\basicexcel.cpp(867): warning C4267: '=': 'size_t'에서 'int'(으)로 변환하면서 데이터가 손실될 수 있습니다.
i:\homework\mealserver\roomchatserver\basicexcel.cpp(870): warning C4267: '=': 'size_t'에서 'int'(으)로 변환하면서 데이터가 손실될 수 있습니다.
i:\homework\mealserver\roomchatserver\basicexcel.cpp(871): warning C4267: '=': 'size_t'에서 'int'(으)로 변환하면서 데이터가 손실될 수 있습니다.
i:\homework\mealserver\roomchatserver\basicexcel.cpp(874): warning C4267: '=': 'size_t'에서 'int'(으)로 변환하면서 데이터가 손실될 수 있습니다.
i:\homework\mealserver\roomchatserver\basicexcel.cpp(1077): warning C4267: '+=': 'size_t'에서 'int'(으)로 변환하면서 데이터가 손실될 수 있습니다.
i:\homework\mealserver\roomchatserver\basicexcel.cpp(1089): warning C4267: '+=': 'size_t'에서 'int'(으)로 변환하면서 데이터가 손실될 수 있습니다.
i:\homework\mealserver\roomchatserver\basicexcel.cpp(1101): warning C4267: '+=': 'size_t'에서 'int'(으)로 변환하면서 데이터가 손실될 수 있습니다.
i:\homework\mealserver\roomchatserver\basicexcel.cpp(1115): warning C4267: '+=': 'size_t'에서 'int'(으)로 변환하면서 데이터가 손실될 수 있습니다.
i:\homework\mealserver\roomchatserver\basicexcel.cpp(1125): warning C4267: '+=': 'size_t'에서 'int'(으)로 변환하면서 데이터가 손실될 수 있습니다.
i:\homework\mealserver\roomchatserver\basicexcel.cpp(1137): warning C4267: '+=': 'size_t'에서 'int'(으)로 변환하면서 데이터가 손실될 수 있습니다.
i:\homework\mealserver\roomchatserver\basicexcel.cpp(1149): warning C4267: '+=': 'size_t'에서 'int'(으)로 변환하면서 데이터가 손실될 수 있습니다.
i:\homework\mealserver\roomchatserver\basicexcel.cpp(1175): warning C4267: '-=': 'size_t'에서 'int'(으)로 변환하면서 데이터가 손실될 수 있습니다.
i:\homework\mealserver\roomchatserver\basicexcel.cpp(1187): warning C4267: '-=': 'size_t'에서 'int'(으)로 변환하면서 데이터가 손실될 수 있습니다.
i:\homework\mealserver\roomchatserver\basicexcel.cpp(1199): warning C4267: '-=': 'size_t'에서 'int'(으)로 변환하면서 데이터가 손실될 수 있습니다.
i:\homework\mealserver\roomchatserver\basicexcel.cpp(1241): warning C4267: '-=': 'size_t'에서 'int'(으)로 변환하면서 데이터가 손실될 수 있습니다.
i:\homework\mealserver\roomchatserver\basicexcel.cpp(1251): warning C4267: '-=': 'size_t'에서 'int'(으)로 변환하면서 데이터가 손실될 수 있습니다.
i:\homework\mealserver\roomchatserver\basicexcel.cpp(1263): warning C4267: '-=': 'size_t'에서 'int'(으)로 변환하면서 데이터가 손실될 수 있습니다.
i:\homework\mealserver\roomchatserver\basicexcel.cpp(1276): warning C4267: '-=': 'size_t'에서 'int'(으)로 변환하면서 데이터가 손실될 수 있습니다.
i:\homework\mealserver\roomchatserver\basicexcel.cpp(1292): warning C4267: '=': 'size_t'에서 'int'(으)로 변환하면서 데이터가 손실될 수 있습니다.
i:\homework\mealserver\roomchatserver\basicexcel.cpp(1348): warning C4267: '인수': 'size_t'에서 'int'(으)로 변환하면서 데이터가 손실될 수 있습니다.
i:\homework\mealserver\roomchatserver\basicexcel.cpp(1359): warning C4267: '인수': 'size_t'에서 'int'(으)로 변환하면서 데이터가 손실될 수 있습니다.
i:\homework\mealserver\roomchatserver\basicexcel.cpp(1370): warning C4267: '인수': 'size_t'에서 'int'(으)로 변환하면서 데이터가 손실될 수 있습니다.
i:\homework\mealserver\roomchatserver\basicexcel.cpp(1383): warning C4267: '인수': 'size_t'에서 'int'(으)로 변환하면서 데이터가 손실될 수 있습니다.
i:\homework\mealserver\roomchatserver\basicexcel.cpp(1393): warning C4267: '인수': 'size_t'에서 'int'(으)로 변환하면서 데이터가 손실될 수 있습니다.
i:\homework\mealserver\roomchatserver\basicexcel.cpp(1403): warning C4267: '인수': 'size_t'에서 'int'(으)로 변환하면서 데이터가 손실될 수 있습니다.
i:\homework\mealserver\roomchatserver\basicexcel.cpp(1494): warning C4267: '초기화 중': 'size_t'에서 'int'(으)로 변환하면서 데이터가 손실될 수 있습니다.
i:\homework\mealserver\roomchatserver\basicexcel.cpp(1533): warning C4267: '=': 'size_t'에서 'int'(으)로 변환하면서 데이터가 손실될 수 있습니다.
i:\homework\mealserver\roomchatserver\basicexcel.cpp(1548): warning C4267: '=': 'size_t'에서 'int'(으)로 변환하면서 데이터가 손실될 수 있습니다.
i:\homework\mealserver\roomchatserver\basicexcel.cpp(1570): warning C4267: '=': 'size_t'에서 'int'(으)로 변환하면서 데이터가 손실될 수 있습니다.
i:\homework\mealserver\roomchatserver\basicexcel.cpp(1571): warning C4267: '=': 'size_t'에서 'int'(으)로 변환하면서 데이터가 손실될 수 있습니다.
i:\homework\mealserver\roomchatserver\basicexcel.cpp(1584): warning C4267: '초기화 중': 'size_t'에서 'int'(으)로 변환하면서 데이터가 손실될 수 있습니다.
i:\homework\mealserver\roomchatserver\basicexcel.cpp(1615): warning C4267: '=': 'size_t'에서 'int'(으)로 변환하면서 데이터가 손실될 수 있습니다.
i:\homework\mealserver\roomchatserver\basicexcel.cpp(1621): warning C4267: '=': 'size_t'에서 'int'(으)로 변환하면서 데이터가 손실될 수 있습니다.
i:\homework\mealserver\roomchatserver\basicexcel.cpp(1730): warning C4267: '=': 'size_t'에서 'int'(으)로 변환하면서 데이터가 손실될 수 있습니다.
i:\homework\mealserver\roomchatserver\basicexcel.cpp(1748): warning C4267: '=': 'size_t'에서 'int'(으)로 변환하면서 데이터가 손실될 수 있습니다.
i:\homework\mealserver\roomchatserver\basicexcel.cpp(1769): warning C4267: '=': 'size_t'에서 'int'(으)로 변환하면서 데이터가 손실될 수 있습니다.
i:\homework\mealserver\roomchatserver\basicexcel.cpp(1780): warning C4267: '=': 'size_t'에서 'int'(으)로 변환하면서 데이터가 손실될 수 있습니다.
i:\homework\mealserver\roomchatserver\basicexcel.cpp(1781): warning C4267: '=': 'size_t'에서 'int'(으)로 변환하면서 데이터가 손실될 수 있습니다.
i:\homework\mealserver\roomchatserver\basicexcel.cpp(1850): warning C4267: '=': 'size_t'에서 'int'(으)로 변환하면서 데이터가 손실될 수 있습니다.
i:\homework\mealserver\roomchatserver\basicexcel.cpp(1851): warning C4267: '-=': 'size_t'에서 'int'(으)로 변환하면서 데이터가 손실될 수 있습니다.
i:\homework\mealserver\roomchatserver\basicexcel.cpp(1997): warning C4267: '=': 'size_t'에서 'short'(으)로 변환하면서 데이터가 손실될 수 있습니다.
i:\homework\mealserver\roomchatserver\basicexcel.cpp(2214): warning C4267: '=': 'size_t'에서 'int'(으)로 변환하면서 데이터가 손실될 수 있습니다.
i:\homework\mealserver\roomchatserver\basicexcel.cpp(2221): warning C4267: '=': 'size_t'에서 'int'(으)로 변환하면서 데이터가 손실될 수 있습니다.
i:\homework\mealserver\roomchatserver\basicexcel.cpp(2227): warning C4267: '=': 'size_t'에서 'int'(으)로 변환하면서 데이터가 손실될 수 있습니다.
i:\homework\mealserver\roomchatserver\basicexcel.cpp(2233): warning C4267: '=': 'size_t'에서 'int'(으)로 변환하면서 데이터가 손실될 수 있습니다.
i:\homework\mealserver\roomchatserver\basicexcel.cpp(2339): warning C4267: '인수': 'size_t'에서 'int'(으)로 변환하면서 데이터가 손실될 수 있습니다.
i:\homework\mealserver\roomchatserver\basicexcel.cpp(2345): warning C4267: '인수': 'size_t'에서 'int'(으)로 변환하면서 데이터가 손실될 수 있습니다.
i:\homework\mealserver\roomchatserver\basicexcel.cpp(2350): warning C4267: '인수': 'size_t'에서 'int'(으)로 변환하면서 데이터가 손실될 수 있습니다.
i:\homework\mealserver\roomchatserver\basicexcel.cpp(2365): warning C4267: '인수': 'size_t'에서 'int'(으)로 변환하면서 데이터가 손실될 수 있습니다.
i:\homework\mealserver\roomchatserver\basicexcel.cpp(2374): warning C4267: '인수': 'size_t'에서 'int'(으)로 변환하면서 데이터가 손실될 수 있습니다.
i:\homework\mealserver\roomchatserver\basicexcel.cpp(2379): warning C4267: '인수': 'size_t'에서 'int'(으)로 변환하면서 데이터가 손실될 수 있습니다.
i:\homework\mealserver\roomchatserver\basicexcel.cpp(2388): warning C4267: '인수': 'size_t'에서 'int'(으)로 변환하면서 데이터가 손실될 수 있습니다.
i:\homework\mealserver\roomchatserver\basicexcel.cpp(2395): warning C4267: '인수': 'size_t'에서 'int'(으)로 변환하면서 데이터가 손실될 수 있습니다.
i:\homework\mealserver\roomchatserver\basicexcel.cpp(2398): warning C4267: '인수': 'size_t'에서 'int'(으)로 변환하면서 데이터가 손실될 수 있습니다.
i:\homework\mealserver\roomchatserver\basicexcel.cpp(2405): warning C4267: '인수': 'size_t'에서 'int'(으)로 변환하면서 데이터가 손실될 수 있습니다.
i:\homework\mealserver\roomchatserver\basicexcel.cpp(2408): warning C4267: '인수': 'size_t'에서 'int'(으)로 변환하면서 데이터가 손실될 수 있습니다.
i:\homework\mealserver\roomchatserver\basicexcel.cpp(2549): warning C4267: '인수': 'size_t'에서 'int'(으)로 변환하면서 데이터가 손실될 수 있습니다.
i:\homework\mealserver\roomchatserver\basicexcel.cpp(2567): warning C4267: '인수': 'size_t'에서 'int'(으)로 변환하면서 데이터가 손실될 수 있습니다.
i:\homework\mealserver\roomchatserver\basicexcel.cpp(2640): warning C4267: '인수': 'size_t'에서 'int'(으)로 변환하면서 데이터가 손실될 수 있습니다.
i:\homework\mealserver\roomchatserver\basicexcel.cpp(2643): warning C4267: '인수': 'size_t'에서 'int'(으)로 변환하면서 데이터가 손실될 수 있습니다.
i:\homework\mealserver\roomchatserver\basicexcel.cpp(2669): warning C4267: '인수': 'size_t'에서 'int'(으)로 변환하면서 데이터가 손실될 수 있습니다.
i:\homework\mealserver\roomchatserver\basicexcel.cpp(2676): warning C4267: '인수': 'size_t'에서 'int'(으)로 변환하면서 데이터가 손실될 수 있습니다.
i:\homework\mealserver\roomchatserver\basicexcel.cpp(2697): warning C4267: '인수': 'size_t'에서 'int'(으)로 변환하면서 데이터가 손실될 수 있습니다.
i:\homework\mealserver\roomchatserver\basicexcel.cpp(2703): warning C4267: '인수': 'size_t'에서 'int'(으)로 변환하면서 데이터가 손실될 수 있습니다.
i:\homework\mealserver\roomchatserver\basicexcel.cpp(2724): warning C4267: '인수': 'size_t'에서 'int'(으)로 변환하면서 데이터가 손실될 수 있습니다.
i:\homework\mealserver\roomchatserver\basicexcel.cpp(2743): warning C4267: '인수': 'size_t'에서 'int'(으)로 변환하면서 데이터가 손실될 수 있습니다.
i:\homework\mealserver\roomchatserver\basicexcel.cpp(2831): warning C4267: '인수': 'size_t'에서 'int'(으)로 변환하면서 데이터가 손실될 수 있습니다.
i:\homework\mealserver\roomchatserver\basicexcel.cpp(2973): warning C4309: '초기화 중': 상수 값이 잘립니다.
i:\homework\mealserver\roomchatserver\basicexcel.cpp(3009): warning C4309: '초기화 중': 상수 값이 잘립니다.
i:\homework\mealserver\roomchatserver\basicexcel.cpp(3108): warning C4267: '인수': 'size_t'에서 'int'(으)로 변환하면서 데이터가 손실될 수 있습니다.
i:\homework\mealserver\roomchatserver\basicexcel.cpp(3109): warning C4267: '인수': 'size_t'에서 'int'(으)로 변환하면서 데이터가 손실될 수 있습니다.
i:\homework\mealserver\roomchatserver\basicexcel.cpp(3121): warning C4267: '초기화 중': 'size_t'에서 'int'(으)로 변환하면서 데이터가 손실될 수 있습니다.
i:\homework\mealserver\roomchatserver\basicexcel.cpp(3125): warning C4267: '/=': 'size_t'에서 'int'(으)로 변환하면서 데이터가 손실될 수 있습니다.
i:\homework\mealserver\roomchatserver\basicexcel.cpp(3126): warning C4267: '+=': 'size_t'에서 'int'(으)로 변환하면서 데이터가 손실될 수 있습니다.
i:\homework\mealserver\roomchatserver\basicexcel.cpp(3133): warning C4267: '+=': 'size_t'에서 'int'(으)로 변환하면서 데이터가 손실될 수 있습니다.
i:\homework\mealserver\roomchatserver\basicexcel.cpp(3139): warning C4267: '+=': 'size_t'에서 'int'(으)로 변환하면서 데이터가 손실될 수 있습니다.
i:\homework\mealserver\roomchatserver\basicexcel.cpp(3291): warning C4267: '인수': 'size_t'에서 'int'(으)로 변환하면서 데이터가 손실될 수 있습니다.
i:\homework\mealserver\roomchatserver\basicexcel.cpp(3292): warning C4267: '인수': 'size_t'에서 'int'(으)로 변환하면서 데이터가 손실될 수 있습니다.
i:\homework\mealserver\roomchatserver\basicexcel.cpp(3293): warning C4267: '인수': 'size_t'에서 'int'(으)로 변환하면서 데이터가 손실될 수 있습니다.
i:\homework\mealserver\roomchatserver\basicexcel.cpp(3307): warning C4267: '인수': 'size_t'에서 'int'(으)로 변환하면서 데이터가 손실될 수 있습니다.
i:\homework\mealserver\roomchatserver\basicexcel.cpp(3308): warning C4267: '인수': 'size_t'에서 'int'(으)로 변환하면서 데이터가 손실될 수 있습니다.
i:\homework\mealserver\roomchatserver\basicexcel.cpp(3309): warning C4267: '인수': 'size_t'에서 'int'(으)로 변환하면서 데이터가 손실될 수 있습니다.
i:\homework\mealserver\roomchatserver\basicexcel.cpp(3372): warning C4267: '인수': 'size_t'에서 'int'(으)로 변환하면서 데이터가 손실될 수 있습니다.
i:\homework\mealserver\roomchatserver\basicexcel.cpp(3426): warning C4267: '인수': 'size_t'에서 'int'(으)로 변환하면서 데이터가 손실될 수 있습니다.
i:\homework\mealserver\roomchatserver\basicexcel.cpp(3441): warning C4267: '인수': 'size_t'에서 'int'(으)로 변환하면서 데이터가 손실될 수 있습니다.
i:\homework\mealserver\roomchatserver\basicexcel.cpp(3555): warning C4267: '인수': 'size_t'에서 'int'(으)로 변환하면서 데이터가 손실될 수 있습니다.
i:\homework\mealserver\roomchatserver\basicexcel.cpp(3561): warning C4267: '인수': 'size_t'에서 'int'(으)로 변환하면서 데이터가 손실될 수 있습니다.
i:\homework\mealserver\roomchatserver\basicexcel.cpp(3570): warning C4267: '인수': 'size_t'에서 'int'(으)로 변환하면서 데이터가 손실될 수 있습니다.
i:\homework\mealserver\roomchatserver\basicexcel.cpp(3574): warning C4267: '인수': 'size_t'에서 'int'(으)로 변환하면서 데이터가 손실될 수 있습니다.
i:\homework\mealserver\roomchatserver\basicexcel.cpp(3605): warning C4267: '인수': 'size_t'에서 'int'(으)로 변환하면서 데이터가 손실될 수 있습니다.
i:\homework\mealserver\roomchatserver\basicexcel.cpp(3620): warning C4267: '인수': 'size_t'에서 'int'(으)로 변환하면서 데이터가 손실될 수 있습니다.
i:\homework\mealserver\roomchatserver\basicexcel.cpp(3696): warning C4267: '인수': 'size_t'에서 'int'(으)로 변환하면서 데이터가 손실될 수 있습니다.
i:\homework\mealserver\roomchatserver\basicexcel.cpp(3700): warning C4267: '인수': 'size_t'에서 'int'(으)로 변환하면서 데이터가 손실될 수 있습니다.
i:\homework\mealserver\roomchatserver\basicexcel.cpp(3727): warning C4267: '인수': 'size_t'에서 'int'(으)로 변환하면서 데이터가 손실될 수 있습니다.
i:\homework\mealserver\roomchatserver\basicexcel.cpp(3740): warning C4267: '인수': 'size_t'에서 'int'(으)로 변환하면서 데이터가 손실될 수 있습니다.
i:\homework\mealserver\roomchatserver\basicexcel.cpp(3812): warning C4267: '인수': 'size_t'에서 'int'(으)로 변환하면서 데이터가 손실될 수 있습니다.
i:\homework\mealserver\roomchatserver\basicexcel.cpp(3824): warning C4267: '인수': 'size_t'에서 'int'(으)로 변환하면서 데이터가 손실될 수 있습니다.
i:\homework\mealserver\roomchatserver\basicexcel.cpp(3848): warning C4267: '인수': 'size_t'에서 'int'(으)로 변환하면서 데이터가 손실될 수 있습니다.
i:\homework\mealserver\roomchatserver\basicexcel.cpp(3859): warning C4267: '인수': 'size_t'에서 'int'(으)로 변환하면서 데이터가 손실될 수 있습니다.
i:\homework\mealserver\roomchatserver\basicexcel.cpp(3883): warning C4267: '인수': 'size_t'에서 'int'(으)로 변환하면서 데이터가 손실될 수 있습니다.
i:\homework\mealserver\roomchatserver\basicexcel.cpp(3894): warning C4267: '인수': 'size_t'에서 'int'(으)로 변환하면서 데이터가 손실될 수 있습니다.
i:\homework\mealserver\roomchatserver\basicexcel.cpp(3945): warning C4267: '인수': 'size_t'에서 'int'(으)로 변환하면서 데이터가 손실될 수 있습니다.
i:\homework\mealserver\roomchatserver\basicexcel.cpp(3951): warning C4267: '인수': 'size_t'에서 'int'(으)로 변환하면서 데이터가 손실될 수 있습니다.
i:\homework\mealserver\roomchatserver\basicexcel.cpp(4210): warning C4267: '인수': 'size_t'에서 'int'(으)로 변환하면서 데이터가 손실될 수 있습니다.
i:\homework\mealserver\roomchatserver\basicexcel.cpp(4221): warning C4267: '인수': 'size_t'에서 'int'(으)로 변환하면서 데이터가 손실될 수 있습니다.
i:\homework\mealserver\roomchatserver\basicexcel.cpp(4268): warning C4267: '인수': 'size_t'에서 'int'(으)로 변환하면서 데이터가 손실될 수 있습니다.
i:\homework\mealserver\roomchatserver\basicexcel.cpp(4319): warning C4267: '인수': 'size_t'에서 'int'(으)로 변환하면서 데이터가 손실될 수 있습니다.
i:\homework\mealserver\roomchatserver\basicexcel.cpp(4381): warning C4800: 'int': 'true' 또는 'false'로 bool 값을 강제하고 있습니다(성능 경고).
i:\homework\mealserver\roomchatserver\basicexcel.cpp(4412): warning C4244: '*=': 'double'에서 'int'(으)로 변환하면서 데이터가 손실될 수 있습니다.
i:\homework\mealserver\roomchatserver\basicexcel.cpp(4426): warning C4244: '초기화 중': 'double'에서 'int'(으)로 변환하면서 데이터가 손실될 수 있습니다.
i:\homework\mealserver\roomchatserver\basicexcel.cpp(4428): warning C4244: '초기화 중': 'double'에서 'int'(으)로 변환하면서 데이터가 손실될 수 있습니다.
i:\homework\mealserver\roomchatserver\basicexcel.cpp(4438): warning C4244: '초기화 중': '__int64'에서 'int'(으)로 변환하면서 데이터가 손실될 수 있습니다.
i:\homework\mealserver\roomchatserver\basicexcel.cpp(4440): warning C4805: '|=': 연산에 'int' 형식과 'bool' 형식을 함께 사용하는 것은 안전하지 않습니다.
i:\homework\mealserver\roomchatserver\basicexcel.cpp(4455): warning C4244: '초기화 중': 'double'에서 'int'(으)로 변환하면서 데이터가 손실될 수 있습니다.
i:\homework\mealserver\roomchatserver\basicexcel.cpp(4457): warning C4244: '초기화 중': 'double'에서 'int'(으)로 변환하면서 데이터가 손실될 수 있습니다.
i:\homework\mealserver\roomchatserver\basicexcel.cpp(4601): warning C4477: 'sprintf' : 서식 문자열 '%d'에 'int' 형식의 인수가 필요하지만 variadic 인수 1의 형식이 'std::size_t'입니다.
  i:\homework\mealserver\roomchatserver\basicexcel.cpp(4601): note: 서식 문자열에서 '%zd'을(를) 사용하는 것이 좋습니다.
i:\homework\mealserver\roomchatserver\basicexcel.cpp(4917): warning C4267: '인수': 'size_t'에서 'int'(으)로 변환하면서 데이터가 손실될 수 있습니다.
i:\homework\mealserver\roomchatserver\basicexcel.cpp(4969): warning C4267: '인수': 'size_t'에서 'int'(으)로 변환하면서 데이터가 손실될 수 있습니다.
i:\homework\mealserver\roomchatserver\basicexcel.cpp(5001): warning C4267: '=': 'size_t'에서 'int'(으)로 변환하면서 데이터가 손실될 수 있습니다.
i:\homework\mealserver\roomchatserver\basicexcel.cpp(5042): warning C4267: '=': 'size_t'에서 'int'(으)로 변환하면서 데이터가 손실될 수 있습니다.
i:\homework\mealserver\roomchatserver\basicexcel.cpp(5053): warning C4267: '=': 'size_t'에서 'short'(으)로 변환하면서 데이터가 손실될 수 있습니다.
i:\homework\mealserver\roomchatserver\basicexcel.cpp(5096): warning C4267: '=': 'size_t'에서 'int'(으)로 변환하면서 데이터가 손실될 수 있습니다.
i:\homework\mealserver\roomchatserver\basicexcel.cpp(5097): warning C4267: '=': 'size_t'에서 'short'(으)로 변환하면서 데이터가 손실될 수 있습니다.
i:\homework\mealserver\roomchatserver\basicexcel.cpp(5204): warning C4267: '=': 'size_t'에서 'short'(으)로 변환하면서 데이터가 손실될 수 있습니다.
i:\homework\mealserver\roomchatserver\basicexcel.cpp(5242): warning C4267: '=': 'size_t'에서 'short'(으)로 변환하면서 데이터가 손실될 수 있습니다.
i:\homework\mealserver\roomchatserver\basicexcel.cpp(5250): warning C4267: '=': 'size_t'에서 'short'(으)로 변환하면서 데이터가 손실될 수 있습니다.
i:\homework\mealserver\roomchatserver\basicexcel.cpp(5251): warning C4267: '=': 'size_t'에서 'short'(으)로 변환하면서 데이터가 손실될 수 있습니다.
i:\homework\mealserver\roomchatserver\basicexcel.cpp(5280): warning C4267: '=': 'size_t'에서 'short'(으)로 변환하면서 데이터가 손실될 수 있습니다.
i:\homework\mealserver\roomchatserver\basicexcel.cpp(5281): warning C4267: '=': 'size_t'에서 'short'(으)로 변환하면서 데이터가 손실될 수 있습니다.
i:\homework\mealserver\roomchatserver\basicexcel.cpp(5282): warning C4267: '=': 'size_t'에서 'short'(으)로 변환하면서 데이터가 손실될 수 있습니다.
i:\homework\mealserver\roomchatserver\basicexcel.cpp(5296): warning C4267: '=': 'size_t'에서 'short'(으)로 변환하면서 데이터가 손실될 수 있습니다.
i:\homework\mealserver\roomchatserver\basicexcel.cpp(5297): warning C4267: '=': 'size_t'에서 'short'(으)로 변환하면서 데이터가 손실될 수 있습니다.
i:\homework\mealserver\roomchatserver\basicexcel.cpp(5322): warning C4267: '=': 'size_t'에서 'short'(으)로 변환하면서 데이터가 손실될 수 있습니다.
i:\homework\mealserver\roomchatserver\basicexcel.cpp(5323): warning C4267: '=': 'size_t'에서 'short'(으)로 변환하면서 데이터가 손실될 수 있습니다.
i:\homework\mealserver\roomchatserver\basicexcel.cpp(5324): warning C4267: '=': 'size_t'에서 'short'(으)로 변환하면서 데이터가 손실될 수 있습니다.
i:\homework\mealserver\roomchatserver\basicexcel.cpp(5340): warning C4267: '=': 'size_t'에서 'short'(으)로 변환하면서 데이터가 손실될 수 있습니다.
i:\homework\mealserver\roomchatserver\basicexcel.cpp(5341): warning C4267: '=': 'size_t'에서 'short'(으)로 변환하면서 데이터가 손실될 수 있습니다.
i:\homework\mealserver\roomchatserver\basicexcel.cpp(5347): warning C4267: '=': 'size_t'에서 'short'(으)로 변환하면서 데이터가 손실될 수 있습니다.
i:\homework\mealserver\roomchatserver\basicexcel.cpp(5348): warning C4267: '=': 'size_t'에서 'short'(으)로 변환하면서 데이터가 손실될 수 있습니다.
i:\homework\mealserver\roomchatserver\basicexcel.cpp(5360): warning C4267: '=': 'size_t'에서 'short'(으)로 변환하면서 데이터가 손실될 수 있습니다.
i:\homework\mealserver\roomchatserver\basicexcel.cpp(5361): warning C4267: '=': 'size_t'에서 'short'(으)로 변환하면서 데이터가 손실될 수 있습니다.
i:\homework\mealserver\roomchatserver\basicexcel.cpp(5399): warning C4267: '=': 'size_t'에서 'short'(으)로 변환하면서 데이터가 손실될 수 있습니다.
i:\homework\mealserver\roomchatserver\basicexcel.cpp(5400): warning C4267: '=': 'size_t'에서 'short'(으)로 변환하면서 데이터가 손실될 수 있습니다.
i:\homework\mealserver\roomchatserver\basicexcel.hpp(159): warning C4267: '인수': 'size_t'에서 'int'(으)로 변환하면서 데이터가 손실될 수 있습니다.
  i:\homework\mealserver\roomchatserver\basicexcel.cpp(3691): note: 컴파일 중인 함수 템플릿 인스턴스화 'void YCompoundFiles::LittleEndian::ReadString<char>(const std::vector<char,std::allocator<char>> &,Type *,int,int)'에 대한 참조를 확인하십시오.
          with
          [
              Type=char
          ]
i:\homework\mealserver\roomchatserver\basicexcel.hpp(125): warning C4267: '인수': 'size_t'에서 'int'(으)로 변환하면서 데이터가 손실될 수 있습니다.
  i:\homework\mealserver\roomchatserver\basicexcel.cpp(2523): note: 컴파일 중인 함수 템플릿 인스턴스화 'void YCompoundFiles::LittleEndian::ReadString<char>(const char *,Type *,int,int)'에 대한 참조를 확인하십시오.
          with
          [
              Type=char
          ]
i:\homework\mealserver\roomchatserver\basicexcel.hpp(176): warning C4267: '인수': 'size_t'에서 'int'(으)로 변환하면서 데이터가 손실될 수 있습니다.
  i:\homework\mealserver\roomchatserver\basicexcel.cpp(3737): note: 컴파일 중인 함수 템플릿 인스턴스화 'void YCompoundFiles::LittleEndian::WriteString<char>(std::vector<char,std::allocator<char>> &,Type *,int,int)'에 대한 참조를 확인하십시오.
          with
          [
              Type=char
          ]
i:\homework\mealserver\roomchatserver\basicexcel.hpp(142): warning C4267: '인수': 'size_t'에서 'int'(으)로 변환하면서 데이터가 손실될 수 있습니다.
  i:\homework\mealserver\roomchatserver\basicexcel.cpp(2549): note: 컴파일 중인 함수 템플릿 인스턴스화 'void YCompoundFiles::LittleEndian::WriteString<char>(char *,Type *,int,int)'에 대한 참조를 확인하십시오.
          with
          [
              Type=char
          ]
  코드를 생성하고 있습니다...
  RoomChatServer.vcxproj -> I:\Homework\MealServer\x64\Debug\RoomChatServer.exe
  RoomChatServer.vcxproj -> I:\Homework\MealServer\x64\Debug\RoomChatServer.pdb (Full PDB)
