  BasicExcel.cpp
BasicExcel.cpp(313): warning C4267: '인수': 'size_t'에서 'int'(으)로 변환하면서 데이터가 손실될 수 있습니다.
BasicExcel.cpp(340): warning C4267: '인수': 'size_t'에서 'int'(으)로 변환하면서 데이터가 손실될 수 있습니다.
BasicExcel.cpp(858): warning C4267: '=': 'size_t'에서 'int'(으)로 변환하면서 데이터가 손실될 수 있습니다.
BasicExcel.cpp(861): warning C4267: '=': 'size_t'에서 'int'(으)로 변환하면서 데이터가 손실될 수 있습니다.
BasicExcel.cpp(862): warning C4267: '=': 'size_t'에서 'int'(으)로 변환하면서 데이터가 손실될 수 있습니다.
BasicExcel.cpp(867): warning C4267: '=': 'size_t'에서 'int'(으)로 변환하면서 데이터가 손실될 수 있습니다.
BasicExcel.cpp(870): warning C4267: '=': 'size_t'에서 'int'(으)로 변환하면서 데이터가 손실될 수 있습니다.
BasicExcel.cpp(871): warning C4267: '=': 'size_t'에서 'int'(으)로 변환하면서 데이터가 손실될 수 있습니다.
BasicExcel.cpp(874): warning C4267: '=': 'size_t'에서 'int'(으)로 변환하면서 데이터가 손실될 수 있습니다.
BasicExcel.cpp(1077): warning C4267: '+=': 'size_t'에서 'int'(으)로 변환하면서 데이터가 손실될 수 있습니다.
BasicExcel.cpp(1089): warning C4267: '+=': 'size_t'에서 'int'(으)로 변환하면서 데이터가 손실될 수 있습니다.
BasicExcel.cpp(1101): warning C4267: '+=': 'size_t'에서 'int'(으)로 변환하면서 데이터가 손실될 수 있습니다.
BasicExcel.cpp(1115): warning C4267: '+=': 'size_t'에서 'int'(으)로 변환하면서 데이터가 손실될 수 있습니다.
BasicExcel.cpp(1125): warning C4267: '+=': 'size_t'에서 'int'(으)로 변환하면서 데이터가 손실될 수 있습니다.
BasicExcel.cpp(1137): warning C4267: '+=': 'size_t'에서 'int'(으)로 변환하면서 데이터가 손실될 수 있습니다.
BasicExcel.cpp(1149): warning C4267: '+=': 'size_t'에서 'int'(으)로 변환하면서 데이터가 손실될 수 있습니다.
BasicExcel.cpp(1175): warning C4267: '-=': 'size_t'에서 'int'(으)로 변환하면서 데이터가 손실될 수 있습니다.
BasicExcel.cpp(1187): warning C4267: '-=': 'size_t'에서 'int'(으)로 변환하면서 데이터가 손실될 수 있습니다.
BasicExcel.cpp(1199): warning C4267: '-=': 'size_t'에서 'int'(으)로 변환하면서 데이터가 손실될 수 있습니다.
BasicExcel.cpp(1241): warning C4267: '-=': 'size_t'에서 'int'(으)로 변환하면서 데이터가 손실될 수 있습니다.
BasicExcel.cpp(1251): warning C4267: '-=': 'size_t'에서 'int'(으)로 변환하면서 데이터가 손실될 수 있습니다.
BasicExcel.cpp(1263): warning C4267: '-=': 'size_t'에서 'int'(으)로 변환하면서 데이터가 손실될 수 있습니다.
BasicExcel.cpp(1276): warning C4267: '-=': 'size_t'에서 'int'(으)로 변환하면서 데이터가 손실될 수 있습니다.
BasicExcel.cpp(1292): warning C4267: '=': 'size_t'에서 'int'(으)로 변환하면서 데이터가 손실될 수 있습니다.
BasicExcel.cpp(1348): warning C4267: '인수': 'size_t'에서 'int'(으)로 변환하면서 데이터가 손실될 수 있습니다.
BasicExcel.cpp(1359): warning C4267: '인수': 'size_t'에서 'int'(으)로 변환하면서 데이터가 손실될 수 있습니다.
BasicExcel.cpp(1370): warning C4267: '인수': 'size_t'에서 'int'(으)로 변환하면서 데이터가 손실될 수 있습니다.
BasicExcel.cpp(1383): warning C4267: '인수': 'size_t'에서 'int'(으)로 변환하면서 데이터가 손실될 수 있습니다.
BasicExcel.cpp(1393): warning C4267: '인수': 'size_t'에서 'int'(으)로 변환하면서 데이터가 손실될 수 있습니다.
BasicExcel.cpp(1403): warning C4267: '인수': 'size_t'에서 'int'(으)로 변환하면서 데이터가 손실될 수 있습니다.
BasicExcel.cpp(1494): warning C4267: '초기화 중': 'size_t'에서 'int'(으)로 변환하면서 데이터가 손실될 수 있습니다.
BasicExcel.cpp(1533): warning C4267: '=': 'size_t'에서 'int'(으)로 변환하면서 데이터가 손실될 수 있습니다.
BasicExcel.cpp(1548): warning C4267: '=': 'size_t'에서 'int'(으)로 변환하면서 데이터가 손실될 수 있습니다.
BasicExcel.cpp(1570): warning C4267: '=': 'size_t'에서 'int'(으)로 변환하면서 데이터가 손실될 수 있습니다.
BasicExcel.cpp(1571): warning C4267: '=': 'size_t'에서 'int'(으)로 변환하면서 데이터가 손실될 수 있습니다.
BasicExcel.cpp(1584): warning C4267: '초기화 중': 'size_t'에서 'int'(으)로 변환하면서 데이터가 손실될 수 있습니다.
BasicExcel.cpp(1615): warning C4267: '=': 'size_t'에서 'int'(으)로 변환하면서 데이터가 손실될 수 있습니다.
BasicExcel.cpp(1621): warning C4267: '=': 'size_t'에서 'int'(으)로 변환하면서 데이터가 손실될 수 있습니다.
BasicExcel.cpp(1730): warning C4267: '=': 'size_t'에서 'int'(으)로 변환하면서 데이터가 손실될 수 있습니다.
BasicExcel.cpp(1748): warning C4267: '=': 'size_t'에서 'int'(으)로 변환하면서 데이터가 손실될 수 있습니다.
BasicExcel.cpp(1769): warning C4267: '=': 'size_t'에서 'int'(으)로 변환하면서 데이터가 손실될 수 있습니다.
BasicExcel.cpp(1780): warning C4267: '=': 'size_t'에서 'int'(으)로 변환하면서 데이터가 손실될 수 있습니다.
BasicExcel.cpp(1781): warning C4267: '=': 'size_t'에서 'int'(으)로 변환하면서 데이터가 손실될 수 있습니다.
BasicExcel.cpp(1850): warning C4267: '=': 'size_t'에서 'int'(으)로 변환하면서 데이터가 손실될 수 있습니다.
BasicExcel.cpp(1851): warning C4267: '-=': 'size_t'에서 'int'(으)로 변환하면서 데이터가 손실될 수 있습니다.
BasicExcel.cpp(1997): warning C4267: '=': 'size_t'에서 'short'(으)로 변환하면서 데이터가 손실될 수 있습니다.
BasicExcel.cpp(2214): warning C4267: '=': 'size_t'에서 'int'(으)로 변환하면서 데이터가 손실될 수 있습니다.
BasicExcel.cpp(2221): warning C4267: '=': 'size_t'에서 'int'(으)로 변환하면서 데이터가 손실될 수 있습니다.
BasicExcel.cpp(2227): warning C4267: '=': 'size_t'에서 'int'(으)로 변환하면서 데이터가 손실될 수 있습니다.
BasicExcel.cpp(2233): warning C4267: '=': 'size_t'에서 'int'(으)로 변환하면서 데이터가 손실될 수 있습니다.
BasicExcel.cpp(2339): warning C4267: '인수': 'size_t'에서 'int'(으)로 변환하면서 데이터가 손실될 수 있습니다.
BasicExcel.cpp(2345): warning C4267: '인수': 'size_t'에서 'int'(으)로 변환하면서 데이터가 손실될 수 있습니다.
BasicExcel.cpp(2350): warning C4267: '인수': 'size_t'에서 'int'(으)로 변환하면서 데이터가 손실될 수 있습니다.
BasicExcel.cpp(2365): warning C4267: '인수': 'size_t'에서 'int'(으)로 변환하면서 데이터가 손실될 수 있습니다.
BasicExcel.cpp(2374): warning C4267: '인수': 'size_t'에서 'int'(으)로 변환하면서 데이터가 손실될 수 있습니다.
BasicExcel.cpp(2379): warning C4267: '인수': 'size_t'에서 'int'(으)로 변환하면서 데이터가 손실될 수 있습니다.
BasicExcel.cpp(2388): warning C4267: '인수': 'size_t'에서 'int'(으)로 변환하면서 데이터가 손실될 수 있습니다.
BasicExcel.cpp(2395): warning C4267: '인수': 'size_t'에서 'int'(으)로 변환하면서 데이터가 손실될 수 있습니다.
BasicExcel.cpp(2398): warning C4267: '인수': 'size_t'에서 'int'(으)로 변환하면서 데이터가 손실될 수 있습니다.
BasicExcel.cpp(2405): warning C4267: '인수': 'size_t'에서 'int'(으)로 변환하면서 데이터가 손실될 수 있습니다.
BasicExcel.cpp(2408): warning C4267: '인수': 'size_t'에서 'int'(으)로 변환하면서 데이터가 손실될 수 있습니다.
BasicExcel.cpp(2549): warning C4267: '인수': 'size_t'에서 'int'(으)로 변환하면서 데이터가 손실될 수 있습니다.
BasicExcel.cpp(2567): warning C4267: '인수': 'size_t'에서 'int'(으)로 변환하면서 데이터가 손실될 수 있습니다.
BasicExcel.cpp(2640): warning C4267: '인수': 'size_t'에서 'int'(으)로 변환하면서 데이터가 손실될 수 있습니다.
BasicExcel.cpp(2643): warning C4267: '인수': 'size_t'에서 'int'(으)로 변환하면서 데이터가 손실될 수 있습니다.
BasicExcel.cpp(2669): warning C4267: '인수': 'size_t'에서 'int'(으)로 변환하면서 데이터가 손실될 수 있습니다.
BasicExcel.cpp(2676): warning C4267: '인수': 'size_t'에서 'int'(으)로 변환하면서 데이터가 손실될 수 있습니다.
BasicExcel.cpp(2697): warning C4267: '인수': 'size_t'에서 'int'(으)로 변환하면서 데이터가 손실될 수 있습니다.
BasicExcel.cpp(2703): warning C4267: '인수': 'size_t'에서 'int'(으)로 변환하면서 데이터가 손실될 수 있습니다.
BasicExcel.cpp(2724): warning C4267: '인수': 'size_t'에서 'int'(으)로 변환하면서 데이터가 손실될 수 있습니다.
BasicExcel.cpp(2743): warning C4267: '인수': 'size_t'에서 'int'(으)로 변환하면서 데이터가 손실될 수 있습니다.
BasicExcel.cpp(2831): warning C4267: '인수': 'size_t'에서 'int'(으)로 변환하면서 데이터가 손실될 수 있습니다.
BasicExcel.cpp(2973): warning C4309: '초기화 중': 상수 값이 잘립니다.
BasicExcel.cpp(3009): warning C4309: '초기화 중': 상수 값이 잘립니다.
BasicExcel.cpp(3108): warning C4267: '인수': 'size_t'에서 'int'(으)로 변환하면서 데이터가 손실될 수 있습니다.
BasicExcel.cpp(3109): warning C4267: '인수': 'size_t'에서 'int'(으)로 변환하면서 데이터가 손실될 수 있습니다.
BasicExcel.cpp(3121): warning C4267: '초기화 중': 'size_t'에서 'int'(으)로 변환하면서 데이터가 손실될 수 있습니다.
BasicExcel.cpp(3125): warning C4267: '/=': 'size_t'에서 'int'(으)로 변환하면서 데이터가 손실될 수 있습니다.
BasicExcel.cpp(3126): warning C4267: '+=': 'size_t'에서 'int'(으)로 변환하면서 데이터가 손실될 수 있습니다.
BasicExcel.cpp(3133): warning C4267: '+=': 'size_t'에서 'int'(으)로 변환하면서 데이터가 손실될 수 있습니다.
BasicExcel.cpp(3139): warning C4267: '+=': 'size_t'에서 'int'(으)로 변환하면서 데이터가 손실될 수 있습니다.
BasicExcel.cpp(3291): warning C4267: '인수': 'size_t'에서 'int'(으)로 변환하면서 데이터가 손실될 수 있습니다.
BasicExcel.cpp(3292): warning C4267: '인수': 'size_t'에서 'int'(으)로 변환하면서 데이터가 손실될 수 있습니다.
BasicExcel.cpp(3293): warning C4267: '인수': 'size_t'에서 'int'(으)로 변환하면서 데이터가 손실될 수 있습니다.
BasicExcel.cpp(3307): warning C4267: '인수': 'size_t'에서 'int'(으)로 변환하면서 데이터가 손실될 수 있습니다.
BasicExcel.cpp(3308): warning C4267: '인수': 'size_t'에서 'int'(으)로 변환하면서 데이터가 손실될 수 있습니다.
BasicExcel.cpp(3309): warning C4267: '인수': 'size_t'에서 'int'(으)로 변환하면서 데이터가 손실될 수 있습니다.
BasicExcel.cpp(3372): warning C4267: '인수': 'size_t'에서 'int'(으)로 변환하면서 데이터가 손실될 수 있습니다.
BasicExcel.cpp(3426): warning C4267: '인수': 'size_t'에서 'int'(으)로 변환하면서 데이터가 손실될 수 있습니다.
BasicExcel.cpp(3441): warning C4267: '인수': 'size_t'에서 'int'(으)로 변환하면서 데이터가 손실될 수 있습니다.
BasicExcel.cpp(3555): warning C4267: '인수': 'size_t'에서 'int'(으)로 변환하면서 데이터가 손실될 수 있습니다.
BasicExcel.cpp(3561): warning C4267: '인수': 'size_t'에서 'int'(으)로 변환하면서 데이터가 손실될 수 있습니다.
BasicExcel.cpp(3570): warning C4267: '인수': 'size_t'에서 'int'(으)로 변환하면서 데이터가 손실될 수 있습니다.
BasicExcel.cpp(3574): warning C4267: '인수': 'size_t'에서 'int'(으)로 변환하면서 데이터가 손실될 수 있습니다.
BasicExcel.cpp(3605): warning C4267: '인수': 'size_t'에서 'int'(으)로 변환하면서 데이터가 손실될 수 있습니다.
BasicExcel.cpp(3620): warning C4267: '인수': 'size_t'에서 'int'(으)로 변환하면서 데이터가 손실될 수 있습니다.
BasicExcel.cpp(3696): warning C4267: '인수': 'size_t'에서 'int'(으)로 변환하면서 데이터가 손실될 수 있습니다.
BasicExcel.cpp(3700): warning C4267: '인수': 'size_t'에서 'int'(으)로 변환하면서 데이터가 손실될 수 있습니다.
BasicExcel.cpp(3727): warning C4267: '인수': 'size_t'에서 'int'(으)로 변환하면서 데이터가 손실될 수 있습니다.
BasicExcel.cpp(3740): warning C4267: '인수': 'size_t'에서 'int'(으)로 변환하면서 데이터가 손실될 수 있습니다.
BasicExcel.cpp(3812): warning C4267: '인수': 'size_t'에서 'int'(으)로 변환하면서 데이터가 손실될 수 있습니다.
BasicExcel.cpp(3824): warning C4267: '인수': 'size_t'에서 'int'(으)로 변환하면서 데이터가 손실될 수 있습니다.
BasicExcel.cpp(3848): warning C4267: '인수': 'size_t'에서 'int'(으)로 변환하면서 데이터가 손실될 수 있습니다.
BasicExcel.cpp(3859): warning C4267: '인수': 'size_t'에서 'int'(으)로 변환하면서 데이터가 손실될 수 있습니다.
BasicExcel.cpp(3883): warning C4267: '인수': 'size_t'에서 'int'(으)로 변환하면서 데이터가 손실될 수 있습니다.
BasicExcel.cpp(3894): warning C4267: '인수': 'size_t'에서 'int'(으)로 변환하면서 데이터가 손실될 수 있습니다.
BasicExcel.cpp(3945): warning C4267: '인수': 'size_t'에서 'int'(으)로 변환하면서 데이터가 손실될 수 있습니다.
BasicExcel.cpp(3951): warning C4267: '인수': 'size_t'에서 'int'(으)로 변환하면서 데이터가 손실될 수 있습니다.
BasicExcel.cpp(4210): warning C4267: '인수': 'size_t'에서 'int'(으)로 변환하면서 데이터가 손실될 수 있습니다.
BasicExcel.cpp(4221): warning C4267: '인수': 'size_t'에서 'int'(으)로 변환하면서 데이터가 손실될 수 있습니다.
BasicExcel.cpp(4268): warning C4267: '인수': 'size_t'에서 'int'(으)로 변환하면서 데이터가 손실될 수 있습니다.
BasicExcel.cpp(4319): warning C4267: '인수': 'size_t'에서 'int'(으)로 변환하면서 데이터가 손실될 수 있습니다.
BasicExcel.cpp(4381): warning C4800: 'int': 'true' 또는 'false'로 bool 값을 강제하고 있습니다(성능 경고).
BasicExcel.cpp(4412): warning C4244: '*=': 'double'에서 'int'(으)로 변환하면서 데이터가 손실될 수 있습니다.
BasicExcel.cpp(4426): warning C4244: '초기화 중': 'double'에서 'int'(으)로 변환하면서 데이터가 손실될 수 있습니다.
BasicExcel.cpp(4428): warning C4244: '초기화 중': 'double'에서 'int'(으)로 변환하면서 데이터가 손실될 수 있습니다.
BasicExcel.cpp(4438): warning C4244: '초기화 중': '__int64'에서 'int'(으)로 변환하면서 데이터가 손실될 수 있습니다.
BasicExcel.cpp(4440): warning C4805: '|=': 연산에 'int' 형식과 'bool' 형식을 함께 사용하는 것은 안전하지 않습니다.
BasicExcel.cpp(4455): warning C4244: '초기화 중': 'double'에서 'int'(으)로 변환하면서 데이터가 손실될 수 있습니다.
BasicExcel.cpp(4457): warning C4244: '초기화 중': 'double'에서 'int'(으)로 변환하면서 데이터가 손실될 수 있습니다.
BasicExcel.cpp(4601): warning C4477: 'sprintf' : 서식 문자열 '%d'에 'int' 형식의 인수가 필요하지만 variadic 인수 1의 형식이 'std::size_t'입니다.
  BasicExcel.cpp(4601): note: 서식 문자열에서 '%zd'을(를) 사용하는 것이 좋습니다.
BasicExcel.cpp(4917): warning C4267: '인수': 'size_t'에서 'int'(으)로 변환하면서 데이터가 손실될 수 있습니다.
BasicExcel.cpp(4971): warning C4267: '인수': 'size_t'에서 'int'(으)로 변환하면서 데이터가 손실될 수 있습니다.
BasicExcel.cpp(5003): warning C4267: '=': 'size_t'에서 'int'(으)로 변환하면서 데이터가 손실될 수 있습니다.
BasicExcel.cpp(5044): warning C4267: '=': 'size_t'에서 'int'(으)로 변환하면서 데이터가 손실될 수 있습니다.
BasicExcel.cpp(5055): warning C4267: '=': 'size_t'에서 'short'(으)로 변환하면서 데이터가 손실될 수 있습니다.
BasicExcel.cpp(5098): warning C4267: '=': 'size_t'에서 'int'(으)로 변환하면서 데이터가 손실될 수 있습니다.
BasicExcel.cpp(5099): warning C4267: '=': 'size_t'에서 'short'(으)로 변환하면서 데이터가 손실될 수 있습니다.
BasicExcel.cpp(5206): warning C4267: '=': 'size_t'에서 'short'(으)로 변환하면서 데이터가 손실될 수 있습니다.
BasicExcel.cpp(5244): warning C4267: '=': 'size_t'에서 'short'(으)로 변환하면서 데이터가 손실될 수 있습니다.
BasicExcel.cpp(5252): warning C4267: '=': 'size_t'에서 'short'(으)로 변환하면서 데이터가 손실될 수 있습니다.
BasicExcel.cpp(5253): warning C4267: '=': 'size_t'에서 'short'(으)로 변환하면서 데이터가 손실될 수 있습니다.
BasicExcel.cpp(5282): warning C4267: '=': 'size_t'에서 'short'(으)로 변환하면서 데이터가 손실될 수 있습니다.
BasicExcel.cpp(5283): warning C4267: '=': 'size_t'에서 'short'(으)로 변환하면서 데이터가 손실될 수 있습니다.
BasicExcel.cpp(5284): warning C4267: '=': 'size_t'에서 'short'(으)로 변환하면서 데이터가 손실될 수 있습니다.
BasicExcel.cpp(5298): warning C4267: '=': 'size_t'에서 'short'(으)로 변환하면서 데이터가 손실될 수 있습니다.
BasicExcel.cpp(5299): warning C4267: '=': 'size_t'에서 'short'(으)로 변환하면서 데이터가 손실될 수 있습니다.
BasicExcel.cpp(5324): warning C4267: '=': 'size_t'에서 'short'(으)로 변환하면서 데이터가 손실될 수 있습니다.
BasicExcel.cpp(5325): warning C4267: '=': 'size_t'에서 'short'(으)로 변환하면서 데이터가 손실될 수 있습니다.
BasicExcel.cpp(5326): warning C4267: '=': 'size_t'에서 'short'(으)로 변환하면서 데이터가 손실될 수 있습니다.
BasicExcel.cpp(5342): warning C4267: '=': 'size_t'에서 'short'(으)로 변환하면서 데이터가 손실될 수 있습니다.
BasicExcel.cpp(5343): warning C4267: '=': 'size_t'에서 'short'(으)로 변환하면서 데이터가 손실될 수 있습니다.
BasicExcel.cpp(5349): warning C4267: '=': 'size_t'에서 'short'(으)로 변환하면서 데이터가 손실될 수 있습니다.
BasicExcel.cpp(5350): warning C4267: '=': 'size_t'에서 'short'(으)로 변환하면서 데이터가 손실될 수 있습니다.
BasicExcel.cpp(5362): warning C4267: '=': 'size_t'에서 'short'(으)로 변환하면서 데이터가 손실될 수 있습니다.
BasicExcel.cpp(5363): warning C4267: '=': 'size_t'에서 'short'(으)로 변환하면서 데이터가 손실될 수 있습니다.
BasicExcel.cpp(5401): warning C4267: '=': 'size_t'에서 'short'(으)로 변환하면서 데이터가 손실될 수 있습니다.
BasicExcel.cpp(5402): warning C4267: '=': 'size_t'에서 'short'(으)로 변환하면서 데이터가 손실될 수 있습니다.
d:\homework\mealserver\roomchatserver\BasicExcel.hpp(159): warning C4267: '인수': 'size_t'에서 'int'(으)로 변환하면서 데이터가 손실될 수 있습니다.
  BasicExcel.cpp(3691): note: 컴파일 중인 함수 템플릿 인스턴스화 'void YCompoundFiles::LittleEndian::ReadString<char>(const std::vector<char,std::allocator<char>> &,Type *,int,int)'에 대한 참조를 확인하십시오.
          with
          [
              Type=char
          ]
d:\homework\mealserver\roomchatserver\BasicExcel.hpp(125): warning C4267: '인수': 'size_t'에서 'int'(으)로 변환하면서 데이터가 손실될 수 있습니다.
  BasicExcel.cpp(2523): note: 컴파일 중인 함수 템플릿 인스턴스화 'void YCompoundFiles::LittleEndian::ReadString<char>(const char *,Type *,int,int)'에 대한 참조를 확인하십시오.
          with
          [
              Type=char
          ]
d:\homework\mealserver\roomchatserver\BasicExcel.hpp(176): warning C4267: '인수': 'size_t'에서 'int'(으)로 변환하면서 데이터가 손실될 수 있습니다.
  BasicExcel.cpp(3737): note: 컴파일 중인 함수 템플릿 인스턴스화 'void YCompoundFiles::LittleEndian::WriteString<char>(std::vector<char,std::allocator<char>> &,Type *,int,int)'에 대한 참조를 확인하십시오.
          with
          [
              Type=char
          ]
d:\homework\mealserver\roomchatserver\BasicExcel.hpp(142): warning C4267: '인수': 'size_t'에서 'int'(으)로 변환하면서 데이터가 손실될 수 있습니다.
  BasicExcel.cpp(2549): note: 컴파일 중인 함수 템플릿 인스턴스화 'void YCompoundFiles::LittleEndian::WriteString<char>(char *,Type *,int,int)'에 대한 참조를 확인하십시오.
          with
          [
              Type=char
          ]
  Channel.cpp
  ChannelManager.cpp
  ConstEnumInfo.cpp
  ErrorHandler.cpp
  Goods.cpp
  GuestLink.cpp
  Lobby.cpp
  MinidumpHelp.cpp
C:\Program Files (x86)\Windows Kits\8.1\Include\um\DbgHelp.h(1544): warning C4091: 'typedef ': 변수를 선언하지 않으면 '' 왼쪽은 무시됩니다.
C:\Program Files (x86)\Windows Kits\8.1\Include\um\DbgHelp.h(3190): warning C4091: 'typedef ': 변수를 선언하지 않으면 '' 왼쪽은 무시됩니다.
  ReadHandler.cpp
  RoomManager.cpp
  MainProc.cpp
  ReadyNetWork.cpp
  Link.cpp
  CommandController.cpp
  Room.cpp
  Listener.cpp
  WriteHandler.cpp
  코드를 생성하고 있습니다.
  All 2169 functions were compiled because no usable IPDB/IOBJ from previous compilation was found.
  코드를 생성했습니다.
  RoomChatServer.vcxproj -> D:\Homework\MealServer\x64\Release\RoomChatServer.exe
  RoomChatServer.vcxproj -> D:\Homework\MealServer\x64\Release\RoomChatServer.pdb (Full PDB)
