d:\homework\mealserver\roomchatserver\x64\release\vc140.pdb
d:\homework\mealserver\roomchatserver\x64\release\writehandler.obj
d:\homework\mealserver\roomchatserver\x64\release\listener.obj
d:\homework\mealserver\roomchatserver\x64\release\room.obj
d:\homework\mealserver\roomchatserver\x64\release\commandcontroller.obj
d:\homework\mealserver\roomchatserver\x64\release\link.obj
d:\homework\mealserver\roomchatserver\x64\release\readynetwork.obj
d:\homework\mealserver\roomchatserver\x64\release\mainproc.obj
d:\homework\mealserver\roomchatserver\x64\release\roommanager.obj
d:\homework\mealserver\roomchatserver\x64\release\readhandler.obj
d:\homework\mealserver\roomchatserver\x64\release\minidumphelp.obj
d:\homework\mealserver\roomchatserver\x64\release\lobby.obj
d:\homework\mealserver\roomchatserver\x64\release\guestlink.obj
d:\homework\mealserver\roomchatserver\x64\release\goods.obj
d:\homework\mealserver\roomchatserver\x64\release\errorhandler.obj
d:\homework\mealserver\roomchatserver\x64\release\constenuminfo.obj
d:\homework\mealserver\roomchatserver\x64\release\channelmanager.obj
d:\homework\mealserver\roomchatserver\x64\release\channel.obj
d:\homework\mealserver\roomchatserver\x64\release\basicexcel.obj
d:\homework\mealserver\roomchatserver\x64\release\roomchatserver.res
d:\homework\mealserver\x64\release\roomchatserver.exe
d:\homework\mealserver\x64\release\roomchatserver.ipdb
d:\homework\mealserver\x64\release\roomchatserver.iobj
d:\homework\mealserver\x64\release\roomchatserver.pdb
d:\homework\mealserver\roomchatserver\x64\release\roomchatserver.tlog\cl.read.1.tlog
d:\homework\mealserver\roomchatserver\x64\release\roomchatserver.tlog\cl.write.1.tlog
d:\homework\mealserver\roomchatserver\x64\release\roomchatserver.tlog\cl.command.1.tlog
d:\homework\mealserver\roomchatserver\x64\release\roomchatserver.tlog\rc.read.1.tlog
d:\homework\mealserver\roomchatserver\x64\release\roomchatserver.tlog\rc.write.1.tlog
d:\homework\mealserver\roomchatserver\x64\release\roomchatserver.tlog\rc.command.1.tlog
d:\homework\mealserver\roomchatserver\x64\release\roomchatserver.tlog\link.read.1.tlog
d:\homework\mealserver\roomchatserver\x64\release\roomchatserver.tlog\link.write.1.tlog
d:\homework\mealserver\roomchatserver\x64\release\roomchatserver.tlog\link.command.1.tlog
